#
# There is insufficient memory for the Java Runtime Environment to continue.
# Native memory allocation (mmap) failed to map 125829120 bytes for G1 virtual space
# Possible reasons:
#   The system is out of physical RAM or swap space
#   The process is running with CompressedOops enabled, and the Java Heap may be blocking the growth of the native heap
# Possible solutions:
#   Reduce memory load on the system
#   Increase physical memory or swap space
#   Check if swap backing store is full
#   Decrease Java heap size (-Xmx/-Xms)
#   Decrease number of Java threads
#   Decrease Java thread stack sizes (-Xss)
#   Set larger code cache with -XX:ReservedCodeCacheSize=
#   JVM is running with Unscaled Compressed Oops mode in which the Java heap is
#     placed in the first 4GB address space. The Java Heap base address is the
#     maximum limit for the native heap growth. Please use -XX:HeapBaseMinAddress
#     to set the Java Heap base and to place the Java Heap above 4GB virtual address.
# This output file may be truncated or incomplete.
#
#  Out of Memory Error (os_windows.cpp:3536), pid=18676, tid=16188
#
# JRE version:  (19.0.2+7) (build )
# Java VM: OpenJDK 64-Bit Server VM (19.0.2+7, mixed mode, sharing, tiered, compressed oops, compressed class ptrs, g1 gc, windows-amd64)
# No core dump will be written. Minidumps are not enabled by default on client versions of Windows
#

---------------  S U M M A R Y ------------

Command Line: -Dfile.encoding=UTF-8 --module-path=D:\JSPIDER\HECM80\Phonepe\bin -XX:+ShowCodeDetailsInExceptionMessages -Djdk.module.main=Phonepe Phonepe/assignment.PhonepeMain

Host: AMD A9-9420 RADEON R5, 5 COMPUTE CORES 2C+3G   , 2 cores, 7G,  Windows 11 , 64 bit Build 22621 (10.0.22621.1344)
Time: Sat Mar 18 22:20:52 2023 India Standard Time elapsed time: 0.372317 seconds (0d 0h 0m 0s)

---------------  T H R E A D  ---------------

Current thread (0x0000018cc4466760):  JavaThread "Unknown thread" [_thread_in_vm, id=16188, stack(0x00000015e5600000,0x00000015e5700000)]

Stack: [0x00000015e5600000,0x00000015e5700000]
Native frames: (J=compiled Java code, j=interpreted, Vv=VM code, C=native code)
V  [jvm.dll+0x6e9e1a]
V  [jvm.dll+0x8a36c0]
V  [jvm.dll+0x8a50ae]
V  [jvm.dll+0x8a5763]
V  [jvm.dll+0x27bcdf]
V  [jvm.dll+0x6e6b39]
V  [jvm.dll+0x6db58a]
V  [jvm.dll+0x35267b]
V  [jvm.dll+0x35a106]
V  [jvm.dll+0x3b070e]
V  [jvm.dll+0x3b093f]
V  [jvm.dll+0x327c4a]
V  [jvm.dll+0x328aee]
V  [jvm.dll+0x86e230]
V  [jvm.dll+0x3bdb31]
V  [jvm.dll+0x84eb31]
V  [jvm.dll+0x44583f]
V  [jvm.dll+0x447321]
C  [jli.dll+0x5267]
C  [ucrtbase.dll+0x29363]
C  [KERNEL32.DLL+0x126bd]
C  [ntdll.dll+0x5a9f8]


---------------  P R O C E S S  ---------------

Threads class SMR info:
_java_thread_list=0x00007ffcee5f05a8, length=0, elements={
}

Java Threads: ( => current thread )

Other Threads:
  0x0000018cc44c4120 WorkerThread "GC Thread#0" [stack: 0x00000015e5800000,0x00000015e5900000] [id=15916]
  0x0000018cc44d3f80 ConcurrentGCThread "G1 Main Marker" [stack: 0x00000015e5900000,0x00000015e5a00000] [id=18112]
  0x0000018cc44d68c0 WorkerThread "G1 Conc#0" [stack: 0x00000015e5a00000,0x00000015e5b00000] [id=18272]

[error occurred during error reporting (printing all threads), id 0xc0000005, EXCEPTION_ACCESS_VIOLATION (0xc0000005) at pc=0x00007ffcedd78687]

VM state: not at safepoint (not fully initialized)

VM Mutex/Monitor currently owned by a thread:  ([mutex/lock_event])
[0x0000018cc4463080] Heap_lock - owner thread: 0x0000018cc4466760

Heap address: 0x0000000088800000, size: 1912 MB, Compressed Oops mode: 32-bit

CDS archive(s) mapped at: [0x0000000000000000-0x0000000000000000-0x0000000000000000), size 0, SharedBaseAddress: 0x0000000800000000, ArchiveRelocationMode: 0.
Narrow klass base: 0x0000000000000000, Narrow klass shift: 0, Narrow klass range: 0x0

GC Precious Log:
 CardTable entry size: 512
 Card Set container configuration: InlinePtr #cards 5 size 8 Array Of Cards #cards 12 size 40 Howl #buckets 4 coarsen threshold 1843 Howl Bitmap #cards 512 size 80 coarsen threshold 460 Card regions per heap region 1 cards per card region 2048

Heap:
 garbage-first heap   total 0K, used 0K [0x0000000088800000, 0x0000000100000000)
  region size 1024K, 0 young (0K), 0 survivors (0K)

[error occurred during error reporting (printing heap information), id 0xc0000005, EXCEPTION_ACCESS_VIOLATION (0xc0000005) at pc=0x00007ffcee182899]

GC Heap History (0 events):
No events

Dll operation events (1 events):
Event: 0.018 Loaded shared library C:\Users\sesha\.p2\pool\plugins\org.eclipse.justj.openjdk.hotspot.jre.full.win32.x86_64_19.0.2.v20230129-1123\jre\bin\java.dll

Deoptimization events (0 events):
No events

Classes loaded (0 events):
No events

Classes unloaded (0 events):
No events

Classes redefined (0 events):
No events

Internal exceptions (0 events):
No events

VM Operations (0 events):
No events

Events (0 events):
No events


Dynamic libraries:
0x00007ff71cc40000 - 0x00007ff71cc4e000 	C:\Users\sesha\.p2\pool\plugins\org.eclipse.justj.openjdk.hotspot.jre.full.win32.x86_64_19.0.2.v20230129-1123\jre\bin\javaw.exe
0x00007ffd1d070000 - 0x00007ffd1d284000 	C:\WINDOWS\SYSTEM32\ntdll.dll
0x00007ffd1b5d0000 - 0x00007ffd1b693000 	C:\WINDOWS\System32\KERNEL32.DLL
0x00007ffd1a7b0000 - 0x00007ffd1ab4c000 	C:\WINDOWS\System32\KERNELBASE.dll
0x00007ffd1ace0000 - 0x00007ffd1adf1000 	C:\WINDOWS\System32\ucrtbase.dll
0x00007ffd14c80000 - 0x00007ffd14c97000 	C:\Users\sesha\.p2\pool\plugins\org.eclipse.justj.openjdk.hotspot.jre.full.win32.x86_64_19.0.2.v20230129-1123\jre\bin\jli.dll
0x00007ffd1c510000 - 0x00007ffd1c6bd000 	C:\WINDOWS\System32\USER32.dll
0x00007ffd1ab50000 - 0x00007ffd1ab76000 	C:\WINDOWS\System32\win32u.dll
0x00007ffd1d000000 - 0x00007ffd1d029000 	C:\WINDOWS\System32\GDI32.dll
0x00007ffd1a4b0000 - 0x00007ffd1a5c3000 	C:\WINDOWS\System32\gdi32full.dll
0x00007ffd1ab80000 - 0x00007ffd1ac1a000 	C:\WINDOWS\System32\msvcp_win.dll
0x00007ffd0c610000 - 0x00007ffd0c629000 	C:\Users\sesha\.p2\pool\plugins\org.eclipse.justj.openjdk.hotspot.jre.full.win32.x86_64_19.0.2.v20230129-1123\jre\bin\VCRUNTIME140.dll
0x00007ffcfcfb0000 - 0x00007ffcfd23e000 	C:\WINDOWS\WinSxS\amd64_microsoft.windows.common-controls_6595b64144ccf1df_6.0.22621.608_none_a9444ca7c10bb01d\COMCTL32.dll
0x00007ffd1b130000 - 0x00007ffd1b1d7000 	C:\WINDOWS\System32\msvcrt.dll
0x00007ffd1c340000 - 0x00007ffd1c371000 	C:\WINDOWS\System32\IMM32.DLL
0x00007ffd10480000 - 0x00007ffd1048c000 	C:\Users\sesha\.p2\pool\plugins\org.eclipse.justj.openjdk.hotspot.jre.full.win32.x86_64_19.0.2.v20230129-1123\jre\bin\vcruntime140_1.dll
0x00007ffd0ca80000 - 0x00007ffd0cb11000 	C:\Users\sesha\.p2\pool\plugins\org.eclipse.justj.openjdk.hotspot.jre.full.win32.x86_64_19.0.2.v20230129-1123\jre\bin\msvcp140.dll
0x00007ffceda40000 - 0x00007ffcee731000 	C:\Users\sesha\.p2\pool\plugins\org.eclipse.justj.openjdk.hotspot.jre.full.win32.x86_64_19.0.2.v20230129-1123\jre\bin\server\jvm.dll
0x00007ffd1b470000 - 0x00007ffd1b51e000 	C:\WINDOWS\System32\ADVAPI32.dll
0x00007ffd1ceb0000 - 0x00007ffd1cf54000 	C:\WINDOWS\System32\sechost.dll
0x00007ffd1c1b0000 - 0x00007ffd1c2c5000 	C:\WINDOWS\System32\RPCRT4.dll
0x00007ffd14d00000 - 0x00007ffd14d09000 	C:\WINDOWS\SYSTEM32\WSOCK32.dll
0x00007ffd1b0b0000 - 0x00007ffd1b121000 	C:\WINDOWS\System32\WS2_32.dll
0x00007ffd144e0000 - 0x00007ffd14514000 	C:\WINDOWS\SYSTEM32\WINMM.dll
0x00007ffd111c0000 - 0x00007ffd111ca000 	C:\WINDOWS\SYSTEM32\VERSION.dll
0x00007ffd19500000 - 0x00007ffd19518000 	C:\WINDOWS\SYSTEM32\kernel.appcore.dll
0x00007ffd0fc60000 - 0x00007ffd0fc6a000 	C:\Users\sesha\.p2\pool\plugins\org.eclipse.justj.openjdk.hotspot.jre.full.win32.x86_64_19.0.2.v20230129-1123\jre\bin\jimage.dll
0x00007ffd0f060000 - 0x00007ffd0f28e000 	C:\WINDOWS\SYSTEM32\DBGHELP.DLL
0x00007ffd1b780000 - 0x00007ffd1bb09000 	C:\WINDOWS\System32\combase.dll
0x00007ffd1b6a0000 - 0x00007ffd1b777000 	C:\WINDOWS\System32\OLEAUT32.dll
0x00007ffd0f3f0000 - 0x00007ffd0f422000 	C:\WINDOWS\SYSTEM32\dbgcore.DLL
0x00007ffd1ae00000 - 0x00007ffd1ae7b000 	C:\WINDOWS\System32\bcryptPrimitives.dll
0x00007ffd08a70000 - 0x00007ffd08a96000 	C:\Users\sesha\.p2\pool\plugins\org.eclipse.justj.openjdk.hotspot.jre.full.win32.x86_64_19.0.2.v20230129-1123\jre\bin\java.dll

dbghelp: loaded successfully - version: 4.0.5 - missing functions: none
symbol engine: initialized successfully - sym options: 0x614 - pdb path: .;C:\Users\sesha\.p2\pool\plugins\org.eclipse.justj.openjdk.hotspot.jre.full.win32.x86_64_19.0.2.v20230129-1123\jre\bin;C:\WINDOWS\SYSTEM32;C:\WINDOWS\WinSxS\amd64_microsoft.windows.common-controls_6595b64144ccf1df_6.0.22621.608_none_a9444ca7c10bb01d;C:\Users\sesha\.p2\pool\plugins\org.eclipse.justj.openjdk.hotspot.jre.full.win32.x86_64_19.0.2.v20230129-1123\jre\bin\server

VM Arguments:
jvm_args: -Dfile.encoding=UTF-8 --module-path=D:\JSPIDER\HECM80\Phonepe\bin -XX:+ShowCodeDetailsInExceptionMessages -Djdk.module.main=Phonepe 
java_command: Phonepe/assignment.PhonepeMain
java_class_path (initial): <not set>
Launcher Type: SUN_STANDARD

[Global flags]
     intx CICompilerCount                          = 2                                         {product} {ergonomic}
     uint ConcGCThreads                            = 1                                         {product} {ergonomic}
     uint G1ConcRefinementThreads                  = 2                                         {product} {ergonomic}
   size_t G1HeapRegionSize                         = 1048576                                   {product} {ergonomic}
    uintx GCDrainStackTargetSize                   = 64                                        {product} {ergonomic}
   size_t InitialHeapSize                          = 125829120                                 {product} {ergonomic}
   size_t MarkStackSize                            = 4194304                                   {product} {ergonomic}
   size_t MaxHeapSize                              = 2004877312                                {product} {ergonomic}
   size_t MinHeapDeltaBytes                        = 1048576                                   {product} {ergonomic}
   size_t MinHeapSize                              = 8388608                                   {product} {ergonomic}
    uintx NonNMethodCodeHeapSize                   = 5826188                                {pd product} {ergonomic}
    uintx NonProfiledCodeHeapSize                  = 122916026                              {pd product} {ergonomic}
    uintx ProfiledCodeHeapSize                     = 122916026                              {pd product} {ergonomic}
    uintx ReservedCodeCacheSize                    = 251658240                              {pd product} {ergonomic}
     bool SegmentedCodeCache                       = true                                      {product} {ergonomic}
     bool ShowCodeDetailsInExceptionMessages       = true                                   {manageable} {command line}
   size_t SoftMaxHeapSize                          = 2004877312                             {manageable} {ergonomic}
     bool UseCompressedClassPointers               = true                           {product lp64_product} {ergonomic}
     bool UseCompressedOops                        = true                           {product lp64_product} {ergonomic}
     bool UseG1GC                                  = true                                      {product} {ergonomic}
     bool UseLargePagesIndividualAllocation        = false                                  {pd product} {ergonomic}

Logging:
Log output configuration:
 #0: stdout all=warning uptime,level,tags foldmultilines=false
 #1: stderr all=off uptime,level,tags foldmultilines=false

Environment Variables:
PATH=C:/Users/sesha/.p2/pool/plugins/org.eclipse.justj.openjdk.hotspot.jre.full.win32.x86_64_19.0.2.v20230129-1123/jre/bin/server;C:/Users/sesha/.p2/pool/plugins/org.eclipse.justj.openjdk.hotspot.jre.full.win32.x86_64_19.0.2.v20230129-1123/jre/bin;C:\Program Files\Common Files\Oracle\Java\javapath;D:\oracle\product\10.2.0\db_4\bin;D:\oracle\product\10.2.0\db_3\bin;D:\oracle\product\10.2.0\db_2\bin;D:\oracle\product\10.2.0\db_1\bin;D:\App files IMP\ORACLE 10G\bin;C:\WINDOWS\system32;C:\WINDOWS;C:\WINDOWS\System32\Wbem;C:\WINDOWS\System32\WindowsPowerShell\v1.0\;C:\WINDOWS\System32\OpenSSH\;C:\Users\sesha\AppData\Local\Microsoft\WindowsApps;;D:\App files IMP\VS CODE\Microsoft VS Code\bin;D:\App files IMP\java-2022-122\eclipse;
USERNAME=sesha
OS=Windows_NT
PROCESSOR_IDENTIFIER=AMD64 Family 21 Model 112 Stepping 0, AuthenticAMD
TMP=C:\Users\sesha\AppData\Local\Temp
TEMP=C:\Users\sesha\AppData\Local\Temp



---------------  S Y S T E M  ---------------

OS:
 Windows 11 , 64 bit Build 22621 (10.0.22621.1344)
OS uptime: 2 days 22:31 hours

CPU: total 2 (initial active 2) (2 cores per cpu, 1 threads per core) family 21 model 112 stepping 0 microcode 0x0, cx8, cmov, fxsr, mmx, 3dnowpref, sse, sse2, sse3, ssse3, sse4a, sse4.1, sse4.2, popcnt, lzcnt, tsc, tscinvbit, avx, avx2, aes, clmul, bmi1, bmi2, fma, vzeroupper, clflush, rdtscp

Memory: 4k page, system-wide physical 7645M (2320M free)
TotalPageFile size 22791M (AvailPageFile size 44M)
current process WorkingSet (physical memory assigned to process): 11M, peak: 11M
current process commit charge ("private bytes"): 47M, peak: 167M

vm_info: OpenJDK 64-Bit Server VM (19.0.2+7) for windows-amd64 JRE (19.0.2+7), built on 2023-01-17T00:00:00Z by "temurin" with MS VC++ 16.7 (VS2019)

END.
